<?xml version="1.0" encoding="UTF-8"?>
<!-- Generated by org.testng.reporters.JUnitReportReporter -->
<testsuite skipped="0" hostname="Jatashankar" name="Management.testingMain" tests="2" failures="0" timestamp="2019-10-13T14:23:16 IST" time="25.261" errors="0">
  <testcase name="initbrowser" time="8.782" classname="Management.testingMain"/>
  <testcase name="initbrowser" time="16.479" classname="Management.testingMain"/>
</testsuite> <!-- Management.testingMain -->
